[debug] [2022-08-21T18:45:10.256Z] ----------------------------------------------------------------------
[debug] [2022-08-21T18:45:10.257Z] Command:       /Users/miguelaroberts/.nvm/versions/node/v17.8.0/bin/node /Users/miguelaroberts/.nvm/versions/node/v17.8.0/bin/firebase init hosting
[debug] [2022-08-21T18:45:10.257Z] CLI Version:   11.3.0
[debug] [2022-08-21T18:45:10.257Z] Platform:      darwin
[debug] [2022-08-21T18:45:10.257Z] Node Version:  v17.8.0
[debug] [2022-08-21T18:45:10.258Z] Time:          Sun Aug 21 2022 14:45:10 GMT-0400 (Eastern Daylight Time)
[debug] [2022-08-21T18:45:10.258Z] ----------------------------------------------------------------------
[debug] 
[debug] [2022-08-21T18:45:10.282Z] Object ".extensions" in "firebase.json" has unknown property: {"additionalProperty":"send-message"}
[debug] [2022-08-21T18:45:10.284Z] > command requires scopes: ["email","openid","https://www.googleapis.com/auth/cloudplatformprojects.readonly","https://www.googleapis.com/auth/firebase","https://www.googleapis.com/auth/cloud-platform"]
[debug] [2022-08-21T18:45:10.284Z] > authorizing via signed-in user (miguelaroberts09@gmail.com)
[debug] [2022-08-21T18:45:10.284Z] Object ".extensions" in "firebase.json" has unknown property: {"additionalProperty":"send-message"}
[info] 
     ######## #### ########  ######## ########     ###     ######  ########
     ##        ##  ##     ## ##       ##     ##  ##   ##  ##       ##
     ######    ##  ########  ######   ########  #########  ######  ######
     ##        ##  ##    ##  ##       ##     ## ##     ##       ## ##
     ##       #### ##     ## ######## ########  ##     ##  ######  ########

You're about to initialize a Firebase project in this directory:

  /Users/miguelaroberts/Desktop/PKT Apps/pkt-duties

Before we get started, keep in mind:

  * You are initializing within an existing Firebase project directory

[info] 
=== Project Setup
[info] 
[info] First, let's associate this project directory with a Firebase project.
[info] You can create multiple project aliases by running firebase use --add, 
[info] but for now we'll just set up a default project.
[info] 
[debug] [2022-08-21T18:45:10.286Z] Using project from CLI flag: pkt-apps-78edb
[debug] [2022-08-21T18:45:10.287Z] >>> [apiv2][query] GET https://firebase.googleapis.com/v1beta1/projects/pkt-apps-78edb [none]
[debug] [2022-08-21T18:45:10.750Z] <<< [apiv2][status] GET https://firebase.googleapis.com/v1beta1/projects/pkt-apps-78edb 200
[debug] [2022-08-21T18:45:10.750Z] <<< [apiv2][body] GET https://firebase.googleapis.com/v1beta1/projects/pkt-apps-78edb {"projectId":"pkt-apps-78edb","projectNumber":"655588966804","displayName":"pkt-apps","name":"projects/pkt-apps-78edb","resources":{"hostingSite":"pkt-apps-78edb","storageBucket":"pkt-apps-78edb.appspot.com","locationId":"us-east1"},"state":"ACTIVE","etag":"1_6a47496b-a703-4464-945e-9f5201d3949c"}
[info] i  Using project pkt-apps-78edb (pkt-apps) 
[info] 
=== Hosting Setup
[info] 
[info] Your public directory is the folder (relative to your project directory) that
[info] will contain Hosting assets to be uploaded with firebase deploy. If you
[info] have a build process for your assets, use your build's output directory.
[info] 
